  In file included from AreaEikonal.cpp:2:
  In file included from ./AreaEikonal.h:3:
./commontype.h(2,10): warning : non-portable path to file '"stdafx.h"'; specified path differs in case from file name on disk [-Wnonportable-include-path]
./commontype.h(302,48): warning : array index 3 is past the end of the array (which contains 3 elements) [-Warray-bounds]
./commontype.h(273,3): message : array 'v' declared here
./commontype.h(310,40): warning : array index 3 is past the end of the array (which contains 3 elements) [-Warray-bounds]
./commontype.h(273,3): message : array 'v' declared here
  In file included from AreaEikonal.cpp:2:
  In file included from ./AreaEikonal.h:4:
./ImageOp.h(30,40): warning : extra qualification on member 'GetIniMap' [-Wmicrosoft-extra-qualification]
  In file included from AreaEikonal.cpp:2:
./AreaEikonal.h(15,8): warning : extra tokens at end of #endif directive [-Wextra-tokens]
AreaEikonal.cpp(465,30): warning : unused variable 'thick' [-Wunused-variable]
AreaEikonal.cpp(445,30): warning : unused variable 'counterfield' [-Wunused-variable]
AreaEikonal.cpp(830,42): warning : unused variable 'zs' [-Wunused-variable]
  In file included from ChildFrm.cpp:8:
  In file included from ./ChildFrm.h:6:
  In file included from ./ChildView.h:8:
  In file included from ./AreaEikonal.h:3:
./commontype.h(2,10): warning : non-portable path to file '"stdafx.h"'; specified path differs in case from file name on disk [-Wnonportable-include-path]
./commontype.h(302,48): warning : array index 3 is past the end of the array (which contains 3 elements) [-Warray-bounds]
./commontype.h(273,3): message : array 'v' declared here
./commontype.h(310,40): warning : array index 3 is past the end of the array (which contains 3 elements) [-Warray-bounds]
./commontype.h(273,3): message : array 'v' declared here
  In file included from ChildFrm.cpp:8:
  In file included from ./ChildFrm.h:6:
  In file included from ./ChildView.h:8:
  In file included from ./AreaEikonal.h:4:
./ImageOp.h(30,40): warning : extra qualification on member 'GetIniMap' [-Wmicrosoft-extra-qualification]
  In file included from ChildFrm.cpp:8:
  In file included from ./ChildFrm.h:6:
  In file included from ./ChildView.h:8:
./AreaEikonal.h(15,8): warning : extra tokens at end of #endif directive [-Wextra-tokens]
  In file included from ChildView.cpp:7:
  In file included from ./ChildView.h:8:
  In file included from ./AreaEikonal.h:3:
./commontype.h(2,10): warning : non-portable path to file '"stdafx.h"'; specified path differs in case from file name on disk [-Wnonportable-include-path]
./commontype.h(302,48): warning : array index 3 is past the end of the array (which contains 3 elements) [-Warray-bounds]
./commontype.h(273,3): message : array 'v' declared here
./commontype.h(310,40): warning : array index 3 is past the end of the array (which contains 3 elements) [-Warray-bounds]
./commontype.h(273,3): message : array 'v' declared here
  In file included from ChildView.cpp:7:
  In file included from ./ChildView.h:8:
  In file included from ./AreaEikonal.h:4:
./ImageOp.h(30,40): warning : extra qualification on member 'GetIniMap' [-Wmicrosoft-extra-qualification]
  In file included from ChildView.cpp:7:
  In file included from ./ChildView.h:8:
./AreaEikonal.h(15,8): warning : extra tokens at end of #endif directive [-Wextra-tokens]
ChildView.cpp(82,30): warning : unused variable 'err' [-Wunused-variable]
ChildView.cpp(617,7): warning : unused variable 'ser' [-Wunused-variable]
ChildView.cpp(771,17): warning : unused variable 'pNMCD' [-Wunused-variable]
ChildView.cpp(800,17): warning : unused variable 'pNMCD' [-Wunused-variable]
ChildView.cpp(802,15): warning : jump from this goto statement to its label is a Microsoft extension [-Wmicrosoft-goto]
ChildView.cpp(803,30): message : jump bypasses variable initialization
ChildView.cpp(834,17): warning : unused variable 'pNMCD' [-Wunused-variable]
ChildView.cpp(836,15): warning : jump from this goto statement to its label is a Microsoft extension [-Wmicrosoft-goto]
ChildView.cpp(841,30): message : jump bypasses variable initialization
ChildView.cpp(892,17): warning : unused variable 'pNMCD' [-Wunused-variable]
ChildView.cpp(576,1): warning : unused typedef 'ThisClass' [-Wunused-local-typedef]
C:\Program Files (x86)\Microsoft Visual Studio\2019\Enterprise\VC\Tools\MSVC\14.29.30133\atlmfc\include\afxwin.h(1262,20): message : expanded from macro 'BEGIN_MESSAGE_MAP'
  In file included from FitPlane.cpp:2:
  In file included from ./FitPlane.h:3:
  In file included from ./AreaEikonal.h:3:
./commontype.h(2,10): warning : non-portable path to file '"stdafx.h"'; specified path differs in case from file name on disk [-Wnonportable-include-path]
./commontype.h(302,48): warning : array index 3 is past the end of the array (which contains 3 elements) [-Warray-bounds]
./commontype.h(273,3): message : array 'v' declared here
./commontype.h(310,40): warning : array index 3 is past the end of the array (which contains 3 elements) [-Warray-bounds]
./commontype.h(273,3): message : array 'v' declared here
  In file included from FitPlane.cpp:2:
  In file included from ./FitPlane.h:3:
  In file included from ./AreaEikonal.h:4:
./ImageOp.h(30,40): warning : extra qualification on member 'GetIniMap' [-Wmicrosoft-extra-qualification]
  In file included from FitPlane.cpp:2:
  In file included from ./FitPlane.h:3:
./AreaEikonal.h(15,8): warning : extra tokens at end of #endif directive [-Wextra-tokens]
  In file included from ImageOp.cpp:2:
  In file included from ./ImageOp.h:2:
./commontype.h(2,10): warning : non-portable path to file '"stdafx.h"'; specified path differs in case from file name on disk [-Wnonportable-include-path]
./commontype.h(302,48): warning : array index 3 is past the end of the array (which contains 3 elements) [-Warray-bounds]
./commontype.h(273,3): message : array 'v' declared here
./commontype.h(310,40): warning : array index 3 is past the end of the array (which contains 3 elements) [-Warray-bounds]
./commontype.h(273,3): message : array 'v' declared here
  In file included from ImageOp.cpp:2:
./ImageOp.h(30,40): warning : extra qualification on member 'GetIniMap' [-Wmicrosoft-extra-qualification]
ImageOp.cpp(170,6): warning : unused variable 'xs' [-Wunused-variable]
ImageOp.cpp(194,6): warning : unused variable 'xs' [-Wunused-variable]
ImageOp.cpp(230,10): warning : unused variable 'Dz' [-Wunused-variable]
  In file included from MinArea.cpp:10:
  In file included from ./ChildFrm.h:6:
  In file included from ./ChildView.h:8:
  In file included from ./AreaEikonal.h:3:
./commontype.h(2,10): warning : non-portable path to file '"stdafx.h"'; specified path differs in case from file name on disk [-Wnonportable-include-path]
./commontype.h(302,48): warning : array index 3 is past the end of the array (which contains 3 elements) [-Warray-bounds]
./commontype.h(273,3): message : array 'v' declared here
./commontype.h(310,40): warning : array index 3 is past the end of the array (which contains 3 elements) [-Warray-bounds]
./commontype.h(273,3): message : array 'v' declared here
  In file included from MinArea.cpp:10:
  In file included from ./ChildFrm.h:6:
  In file included from ./ChildView.h:8:
  In file included from ./AreaEikonal.h:4:
./ImageOp.h(30,40): warning : extra qualification on member 'GetIniMap' [-Wmicrosoft-extra-qualification]
  In file included from MinArea.cpp:10:
  In file included from ./ChildFrm.h:6:
  In file included from ./ChildView.h:8:
./AreaEikonal.h(15,8): warning : extra tokens at end of #endif directive [-Wextra-tokens]
MinArea.cpp(19,1): warning : unused typedef 'ThisClass' [-Wunused-local-typedef]
C:\Program Files (x86)\Microsoft Visual Studio\2019\Enterprise\VC\Tools\MSVC\14.29.30133\atlmfc\include\afxwin.h(1262,20): message : expanded from macro 'BEGIN_MESSAGE_MAP'
MinArea.cpp(148,1): warning : unused typedef 'ThisClass' [-Wunused-local-typedef]
C:\Program Files (x86)\Microsoft Visual Studio\2019\Enterprise\VC\Tools\MSVC\14.29.30133\atlmfc\include\afxwin.h(1262,20): message : expanded from macro 'BEGIN_MESSAGE_MAP'
  In file included from Transport.cpp:2:
  In file included from ./Transport.h:2:
./commontype.h(2,10): warning : non-portable path to file '"stdafx.h"'; specified path differs in case from file name on disk [-Wnonportable-include-path]
./commontype.h(302,48): warning : array index 3 is past the end of the array (which contains 3 elements) [-Warray-bounds]
./commontype.h(273,3): message : array 'v' declared here
./commontype.h(310,40): warning : array index 3 is past the end of the array (which contains 3 elements) [-Warray-bounds]
./commontype.h(273,3): message : array 'v' declared here
Transport.cpp(77,6): warning : unused variable 'targi' [-Wunused-variable]
lld-link : error : undefined symbol: omp_get_max_threads
  >>> referenced by Y:\BIOMAG\shortest path\MinArea\MinArea\AreaEikonal.cpp:0
  >>>               x64\Debug\AreaEikonal.obj:(void __cdecl `dynamic initializer for 'max_threads''(void))
  
lld-link : error : undefined symbol: __kmpc_fork_call
  >>> referenced by Y:\BIOMAG\shortest path\MinArea\MinArea\AreaEikonal.cpp:180
  >>>               x64\Debug\AreaEikonal.obj:(public: void __cdecl CCurvEikonal::RegularizePhaseField(struct SVoxImg<struct SWorkImg<double>> &, struct SVoxImg<struct SWorkImg<double>> &))
  >>> referenced by Y:\BIOMAG\shortest path\MinArea\MinArea\AreaEikonal.cpp:189
  >>>               x64\Debug\AreaEikonal.obj:(public: void __cdecl CCurvEikonal::RegularizePhaseField(struct SVoxImg<struct SWorkImg<double>> &, struct SVoxImg<struct SWorkImg<double>> &))
  >>> referenced by Y:\BIOMAG\shortest path\MinArea\MinArea\AreaEikonal.cpp:201
  >>>               x64\Debug\AreaEikonal.obj:(public: void __cdecl CCurvEikonal::RegularizePhaseField(struct SVoxImg<struct SWorkImg<double>> &, struct SVoxImg<struct SWorkImg<double>> &))
  >>> referenced 19 more times
  
lld-link : error : undefined symbol: __kmpc_for_static_init_4
  >>> referenced by Y:\BIOMAG\shortest path\MinArea\MinArea\AreaEikonal.cpp:181
  >>>               x64\Debug\AreaEikonal.obj:(.omp_outlined._debug__)
  >>> referenced by Y:\BIOMAG\shortest path\MinArea\MinArea\AreaEikonal.cpp:190
  >>>               x64\Debug\AreaEikonal.obj:(.omp_outlined._debug__.1)
  >>> referenced by Y:\BIOMAG\shortest path\MinArea\MinArea\AreaEikonal.cpp:202
  >>>               x64\Debug\AreaEikonal.obj:(.omp_outlined._debug__.3)
  >>> referenced 14 more times
  
lld-link : error : undefined symbol: __kmpc_for_static_fini
  >>> referenced by Y:\BIOMAG\shortest path\MinArea\MinArea\AreaEikonal.cpp:180
  >>>               x64\Debug\AreaEikonal.obj:(.omp_outlined._debug__)
  >>> referenced by Y:\BIOMAG\shortest path\MinArea\MinArea\AreaEikonal.cpp:189
  >>>               x64\Debug\AreaEikonal.obj:(.omp_outlined._debug__.1)
  >>> referenced by Y:\BIOMAG\shortest path\MinArea\MinArea\AreaEikonal.cpp:201
  >>>               x64\Debug\AreaEikonal.obj:(.omp_outlined._debug__.3)
  >>> referenced 19 more times
  
lld-link : error : undefined symbol: __kmpc_for_static_init_8
  >>> referenced by Y:\BIOMAG\shortest path\MinArea\MinArea\AreaEikonal.cpp:233
  >>>               x64\Debug\AreaEikonal.obj:(.omp_outlined._debug__.7)
  >>> referenced by Y:\BIOMAG\shortest path\MinArea\MinArea\AreaEikonal.cpp:264
  >>>               x64\Debug\AreaEikonal.obj:(.omp_outlined._debug__.9)
  >>> referenced by Y:\BIOMAG\shortest path\MinArea\MinArea\AreaEikonal.cpp:293
  >>>               x64\Debug\AreaEikonal.obj:(.omp_outlined._debug__.11)
  >>> referenced 2 more times
  
lld-link : error : undefined symbol: omp_get_thread_num
  >>> referenced by Y:\BIOMAG\shortest path\MinArea\MinArea\AreaEikonal.cpp:510
  >>>               x64\Debug\AreaEikonal.obj:(.omp_outlined._debug__.15)
